Vivado Simulator 2019.1
Copyright 1986-1999, 2001-2019 Xilinx, Inc. All Rights Reserved.
Running: C:/Xilinx/Vivado/2019.1/bin/unwrapped/win64.o/xelab.exe -wto 7327bda499b54e1b8cc93af714b5664d --incr --debug typical --relax --mt 2 -L xil_defaultlib -L secureip --snapshot computer_tb_behav xil_defaultlib.computer_tb -log elaborate.log 
Using 2 slave threads.
Starting static elaboration
Completed static elaboration
Starting simulation data flow analysis
Completed simulation data flow analysis
Time Resolution for simulation is 1ps
Compiling package std.standard
Compiling package std.textio
Compiling package ieee.std_logic_1164
Compiling package ieee.numeric_std
Compiling package ieee.std_logic_arith
Compiling package ieee.std_logic_unsigned
Compiling architecture ram_arch of entity xil_defaultlib.ram [ram_default]
Compiling architecture cpu_arch of entity xil_defaultlib.CPU8BIT2 [cpu8bit2_default]
Compiling architecture behavioral of entity xil_defaultlib.computer [computer_default]
Compiling architecture behavioral of entity xil_defaultlib.computer_tb
Built simulation snapshot computer_tb_behav
