Running: X:\Xilinx\14.7\ISE_DS\ISE\bin\nt64\unwrapped\fuse.exe -intstyle ise -incremental -o X:/Xilinx/Memari/Exp08/Division_tb_isim_beh.exe -prj X:/Xilinx/Memari/Exp08/Division_tb_beh.prj work.Division_tb 
ISim P.20131013 (signature 0x7708f090)
Number of CPUs detected in this system: 4
Turning on mult-threading, number of parallel sub-compilation jobs: 8 
Determining compilation order of HDL files
Parsing VHDL file "X:/Xilinx/Memari/Exp08/Division.vhd" into library work
Parsing VHDL file "X:/Xilinx/Memari/Exp08/Division_tb.vhd" into library work
Starting static elaboration
Completed static elaboration
Compiling package standard
Compiling package std_logic_1164
Compiling package numeric_std
Compiling package std_logic_arith
Compiling package std_logic_unsigned
Compiling architecture behavioral of entity Division [division_default]
Compiling architecture test of entity division_tb
Time Resolution for simulation is 1ps.
Waiting for 1 sub-compilation(s) to finish...
Compiled 8 VHDL Units
Built simulation executable X:/Xilinx/Memari/Exp08/Division_tb_isim_beh.exe
Fuse Memory Usage: 37060 KB
Fuse CPU Usage: 2389 ms
